The system is: Linux - 3.13.0-149-generic - x86_64
Compiling the CXX compiler identification source file "CMakeCXXCompilerId.cpp" succeeded.
Compiler: /usr/bin/c++ 
Build flags: 
Id flags: 

The output was:
0


Compilation of the CXX compiler identification source "CMakeCXXCompilerId.cpp" produced "a.out"

The CXX compiler identification is GNU, found in "/go/src/github.com/GOCODE/camera/rpi/opencv/OpenCV/build/CMakeFiles/2.8.12.2/CompilerIdCXX/a.out"

Compiling the C compiler identification source file "CMakeCCompilerId.c" succeeded.
Compiler: /usr/bin/cc 
Build flags: 
Id flags: 

The output was:
0


Compilation of the C compiler identification source "CMakeCCompilerId.c" produced "a.out"

The C compiler identification is GNU, found in "/go/src/github.com/GOCODE/camera/rpi/opencv/OpenCV/build/CMakeFiles/2.8.12.2/CompilerIdC/a.out"

Determining if the CXX compiler works passed with the following output:
Change Dir: /go/src/github.com/GOCODE/camera/rpi/opencv/OpenCV/build/CMakeFiles/CMakeTmp

Run Build Command:/usr/bin/make "cmTryCompileExec3655052445/fast"
/usr/bin/make -f CMakeFiles/cmTryCompileExec3655052445.dir/build.make CMakeFiles/cmTryCompileExec3655052445.dir/build
make[1]: Entering directory `/go/src/github.com/GOCODE/camera/rpi/opencv/OpenCV/build/CMakeFiles/CMakeTmp'
/usr/bin/cmake -E cmake_progress_report /go/src/github.com/GOCODE/camera/rpi/opencv/OpenCV/build/CMakeFiles/CMakeTmp/CMakeFiles 1
Building CXX object CMakeFiles/cmTryCompileExec3655052445.dir/testCXXCompiler.cxx.o
/usr/bin/c++    -fPIE   -o CMakeFiles/cmTryCompileExec3655052445.dir/testCXXCompiler.cxx.o -c /go/src/github.com/GOCODE/camera/rpi/opencv/OpenCV/build/CMakeFiles/CMakeTmp/testCXXCompiler.cxx
Linking CXX executable cmTryCompileExec3655052445
/usr/bin/cmake -E cmake_link_script CMakeFiles/cmTryCompileExec3655052445.dir/link.txt --verbose=1
/usr/bin/c++        CMakeFiles/cmTryCompileExec3655052445.dir/testCXXCompiler.cxx.o  -o cmTryCompileExec3655052445 -rdynamic 
make[1]: Leaving directory `/go/src/github.com/GOCODE/camera/rpi/opencv/OpenCV/build/CMakeFiles/CMakeTmp'


Detecting CXX compiler ABI info compiled with the following output:
Change Dir: /go/src/github.com/GOCODE/camera/rpi/opencv/OpenCV/build/CMakeFiles/CMakeTmp

Run Build Command:/usr/bin/make "cmTryCompileExec3186811915/fast"
/usr/bin/make -f CMakeFiles/cmTryCompileExec3186811915.dir/build.make CMakeFiles/cmTryCompileExec3186811915.dir/build
make[1]: Entering directory `/go/src/github.com/GOCODE/camera/rpi/opencv/OpenCV/build/CMakeFiles/CMakeTmp'
/usr/bin/cmake -E cmake_progress_report /go/src/github.com/GOCODE/camera/rpi/opencv/OpenCV/build/CMakeFiles/CMakeTmp/CMakeFiles 1
Building CXX object CMakeFiles/cmTryCompileExec3186811915.dir/CMakeCXXCompilerABI.cpp.o
/usr/bin/c++    -fPIE   -o CMakeFiles/cmTryCompileExec3186811915.dir/CMakeCXXCompilerABI.cpp.o -c /usr/share/cmake-2.8/Modules/CMakeCXXCompilerABI.cpp
Linking CXX executable cmTryCompileExec3186811915
/usr/bin/cmake -E cmake_link_script CMakeFiles/cmTryCompileExec3186811915.dir/link.txt --verbose=1
/usr/bin/c++      -v CMakeFiles/cmTryCompileExec3186811915.dir/CMakeCXXCompilerABI.cpp.o  -o cmTryCompileExec3186811915 -rdynamic  
Using built-in specs.
COLLECT_GCC=/usr/bin/c++
COLLECT_LTO_WRAPPER=/usr/lib/gcc/x86_64-linux-gnu/4.8/lto-wrapper
Target: x86_64-linux-gnu
Configured with: ../src/configure -v --with-pkgversion='Ubuntu 4.8.4-2ubuntu1~14.04.4' --with-bugurl=file:///usr/share/doc/gcc-4.8/README.Bugs --enable-languages=c,c++,java,go,d,fortran,objc,obj-c++ --prefix=/usr --program-suffix=-4.8 --enable-shared --enable-linker-build-id --libexecdir=/usr/lib --without-included-gettext --enable-threads=posix --with-gxx-include-dir=/usr/include/c++/4.8 --libdir=/usr/lib --enable-nls --with-sysroot=/ --enable-clocale=gnu --enable-libstdcxx-debug --enable-libstdcxx-time=yes --enable-gnu-unique-object --disable-libmudflap --enable-plugin --with-system-zlib --disable-browser-plugin --enable-java-awt=gtk --enable-gtk-cairo --with-java-home=/usr/lib/jvm/java-1.5.0-gcj-4.8-amd64/jre --enable-java-home --with-jvm-root-dir=/usr/lib/jvm/java-1.5.0-gcj-4.8-amd64 --with-jvm-jar-dir=/usr/lib/jvm-exports/java-1.5.0-gcj-4.8-amd64 --with-arch-directory=amd64 --with-ecj-jar=/usr/share/java/eclipse-ecj.jar --enable-objc-gc --enable-multiarch --disable-werror --with-arch-32=i686 --with-abi=m64 --with-multilib-list=m32,m64,mx32 --with-tune=generic --enable-checking=release --build=x86_64-linux-gnu --host=x86_64-linux-gnu --target=x86_64-linux-gnu
Thread model: posix
gcc version 4.8.4 (Ubuntu 4.8.4-2ubuntu1~14.04.4) 
COMPILER_PATH=/usr/lib/gcc/x86_64-linux-gnu/4.8/:/usr/lib/gcc/x86_64-linux-gnu/4.8/:/usr/lib/gcc/x86_64-linux-gnu/:/usr/lib/gcc/x86_64-linux-gnu/4.8/:/usr/lib/gcc/x86_64-linux-gnu/
LIBRARY_PATH=/usr/lib/gcc/x86_64-linux-gnu/4.8/:/usr/lib/gcc/x86_64-linux-gnu/4.8/../../../x86_64-linux-gnu/:/usr/lib/gcc/x86_64-linux-gnu/4.8/../../../../lib/:/lib/x86_64-linux-gnu/:/lib/../lib/:/usr/lib/x86_64-linux-gnu/:/usr/lib/../lib/:/usr/lib/gcc/x86_64-linux-gnu/4.8/../../../:/lib/:/usr/lib/
COLLECT_GCC_OPTIONS='-v' '-o' 'cmTryCompileExec3186811915' '-rdynamic' '-shared-libgcc' '-mtune=generic' '-march=x86-64'
 /usr/lib/gcc/x86_64-linux-gnu/4.8/collect2 --sysroot=/ --build-id --eh-frame-hdr -m elf_x86_64 --hash-style=gnu --as-needed -export-dynamic -dynamic-linker /lib64/ld-linux-x86-64.so.2 -z relro -o cmTryCompileExec3186811915 /usr/lib/gcc/x86_64-linux-gnu/4.8/../../../x86_64-linux-gnu/crt1.o /usr/lib/gcc/x86_64-linux-gnu/4.8/../../../x86_64-linux-gnu/crti.o /usr/lib/gcc/x86_64-linux-gnu/4.8/crtbegin.o -L/usr/lib/gcc/x86_64-linux-gnu/4.8 -L/usr/lib/gcc/x86_64-linux-gnu/4.8/../../../x86_64-linux-gnu -L/usr/lib/gcc/x86_64-linux-gnu/4.8/../../../../lib -L/lib/x86_64-linux-gnu -L/lib/../lib -L/usr/lib/x86_64-linux-gnu -L/usr/lib/../lib -L/usr/lib/gcc/x86_64-linux-gnu/4.8/../../.. CMakeFiles/cmTryCompileExec3186811915.dir/CMakeCXXCompilerABI.cpp.o -lstdc++ -lm -lgcc_s -lgcc -lc -lgcc_s -lgcc /usr/lib/gcc/x86_64-linux-gnu/4.8/crtend.o /usr/lib/gcc/x86_64-linux-gnu/4.8/../../../x86_64-linux-gnu/crtn.o
make[1]: Leaving directory `/go/src/github.com/GOCODE/camera/rpi/opencv/OpenCV/build/CMakeFiles/CMakeTmp'


Parsed CXX implicit link information from above output:
  link line regex: [^( *|.*[/\])(ld|([^/\]+-)?ld|collect2)[^/\]*( |$)]
  ignore line: [Change Dir: /go/src/github.com/GOCODE/camera/rpi/opencv/OpenCV/build/CMakeFiles/CMakeTmp]
  ignore line: []
  ignore line: [Run Build Command:/usr/bin/make "cmTryCompileExec3186811915/fast"]
  ignore line: [/usr/bin/make -f CMakeFiles/cmTryCompileExec3186811915.dir/build.make CMakeFiles/cmTryCompileExec3186811915.dir/build]
  ignore line: [make[1]: Entering directory `/go/src/github.com/GOCODE/camera/rpi/opencv/OpenCV/build/CMakeFiles/CMakeTmp']
  ignore line: [/usr/bin/cmake -E cmake_progress_report /go/src/github.com/GOCODE/camera/rpi/opencv/OpenCV/build/CMakeFiles/CMakeTmp/CMakeFiles 1]
  ignore line: [Building CXX object CMakeFiles/cmTryCompileExec3186811915.dir/CMakeCXXCompilerABI.cpp.o]
  ignore line: [/usr/bin/c++    -fPIE   -o CMakeFiles/cmTryCompileExec3186811915.dir/CMakeCXXCompilerABI.cpp.o -c /usr/share/cmake-2.8/Modules/CMakeCXXCompilerABI.cpp]
  ignore line: [Linking CXX executable cmTryCompileExec3186811915]
  ignore line: [/usr/bin/cmake -E cmake_link_script CMakeFiles/cmTryCompileExec3186811915.dir/link.txt --verbose=1]
  ignore line: [/usr/bin/c++      -v CMakeFiles/cmTryCompileExec3186811915.dir/CMakeCXXCompilerABI.cpp.o  -o cmTryCompileExec3186811915 -rdynamic  ]
  ignore line: [Using built-in specs.]
  ignore line: [COLLECT_GCC=/usr/bin/c++]
  ignore line: [COLLECT_LTO_WRAPPER=/usr/lib/gcc/x86_64-linux-gnu/4.8/lto-wrapper]
  ignore line: [Target: x86_64-linux-gnu]
  ignore line: [Configured with: ../src/configure -v --with-pkgversion='Ubuntu 4.8.4-2ubuntu1~14.04.4' --with-bugurl=file:///usr/share/doc/gcc-4.8/README.Bugs --enable-languages=c,c++,java,go,d,fortran,objc,obj-c++ --prefix=/usr --program-suffix=-4.8 --enable-shared --enable-linker-build-id --libexecdir=/usr/lib --without-included-gettext --enable-threads=posix --with-gxx-include-dir=/usr/include/c++/4.8 --libdir=/usr/lib --enable-nls --with-sysroot=/ --enable-clocale=gnu --enable-libstdcxx-debug --enable-libstdcxx-time=yes --enable-gnu-unique-object --disable-libmudflap --enable-plugin --with-system-zlib --disable-browser-plugin --enable-java-awt=gtk --enable-gtk-cairo --with-java-home=/usr/lib/jvm/java-1.5.0-gcj-4.8-amd64/jre --enable-java-home --with-jvm-root-dir=/usr/lib/jvm/java-1.5.0-gcj-4.8-amd64 --with-jvm-jar-dir=/usr/lib/jvm-exports/java-1.5.0-gcj-4.8-amd64 --with-arch-directory=amd64 --with-ecj-jar=/usr/share/java/eclipse-ecj.jar --enable-objc-gc --enable-multiarch --disable-werror --with-arch-32=i686 --with-abi=m64 --with-multilib-list=m32,m64,mx32 --with-tune=generic --enable-checking=release --build=x86_64-linux-gnu --host=x86_64-linux-gnu --target=x86_64-linux-gnu]
  ignore line: [Thread model: posix]
  ignore line: [gcc version 4.8.4 (Ubuntu 4.8.4-2ubuntu1~14.04.4) ]
  ignore line: [COMPILER_PATH=/usr/lib/gcc/x86_64-linux-gnu/4.8/:/usr/lib/gcc/x86_64-linux-gnu/4.8/:/usr/lib/gcc/x86_64-linux-gnu/:/usr/lib/gcc/x86_64-linux-gnu/4.8/:/usr/lib/gcc/x86_64-linux-gnu/]
  ignore line: [LIBRARY_PATH=/usr/lib/gcc/x86_64-linux-gnu/4.8/:/usr/lib/gcc/x86_64-linux-gnu/4.8/../../../x86_64-linux-gnu/:/usr/lib/gcc/x86_64-linux-gnu/4.8/../../../../lib/:/lib/x86_64-linux-gnu/:/lib/../lib/:/usr/lib/x86_64-linux-gnu/:/usr/lib/../lib/:/usr/lib/gcc/x86_64-linux-gnu/4.8/../../../:/lib/:/usr/lib/]
  ignore line: [COLLECT_GCC_OPTIONS='-v' '-o' 'cmTryCompileExec3186811915' '-rdynamic' '-shared-libgcc' '-mtune=generic' '-march=x86-64']
  link line: [ /usr/lib/gcc/x86_64-linux-gnu/4.8/collect2 --sysroot=/ --build-id --eh-frame-hdr -m elf_x86_64 --hash-style=gnu --as-needed -export-dynamic -dynamic-linker /lib64/ld-linux-x86-64.so.2 -z relro -o cmTryCompileExec3186811915 /usr/lib/gcc/x86_64-linux-gnu/4.8/../../../x86_64-linux-gnu/crt1.o /usr/lib/gcc/x86_64-linux-gnu/4.8/../../../x86_64-linux-gnu/crti.o /usr/lib/gcc/x86_64-linux-gnu/4.8/crtbegin.o -L/usr/lib/gcc/x86_64-linux-gnu/4.8 -L/usr/lib/gcc/x86_64-linux-gnu/4.8/../../../x86_64-linux-gnu -L/usr/lib/gcc/x86_64-linux-gnu/4.8/../../../../lib -L/lib/x86_64-linux-gnu -L/lib/../lib -L/usr/lib/x86_64-linux-gnu -L/usr/lib/../lib -L/usr/lib/gcc/x86_64-linux-gnu/4.8/../../.. CMakeFiles/cmTryCompileExec3186811915.dir/CMakeCXXCompilerABI.cpp.o -lstdc++ -lm -lgcc_s -lgcc -lc -lgcc_s -lgcc /usr/lib/gcc/x86_64-linux-gnu/4.8/crtend.o /usr/lib/gcc/x86_64-linux-gnu/4.8/../../../x86_64-linux-gnu/crtn.o]
    arg [/usr/lib/gcc/x86_64-linux-gnu/4.8/collect2] ==> ignore
    arg [--sysroot=/] ==> ignore
    arg [--build-id] ==> ignore
    arg [--eh-frame-hdr] ==> ignore
    arg [-m] ==> ignore
    arg [elf_x86_64] ==> ignore
    arg [--hash-style=gnu] ==> ignore
    arg [--as-needed] ==> ignore
    arg [-export-dynamic] ==> ignore
    arg [-dynamic-linker] ==> ignore
    arg [/lib64/ld-linux-x86-64.so.2] ==> ignore
    arg [-zrelro] ==> ignore
    arg [-o] ==> ignore
    arg [cmTryCompileExec3186811915] ==> ignore
    arg [/usr/lib/gcc/x86_64-linux-gnu/4.8/../../../x86_64-linux-gnu/crt1.o] ==> ignore
    arg [/usr/lib/gcc/x86_64-linux-gnu/4.8/../../../x86_64-linux-gnu/crti.o] ==> ignore
    arg [/usr/lib/gcc/x86_64-linux-gnu/4.8/crtbegin.o] ==> ignore
    arg [-L/usr/lib/gcc/x86_64-linux-gnu/4.8] ==> dir [/usr/lib/gcc/x86_64-linux-gnu/4.8]
    arg [-L/usr/lib/gcc/x86_64-linux-gnu/4.8/../../../x86_64-linux-gnu] ==> dir [/usr/lib/gcc/x86_64-linux-gnu/4.8/../../../x86_64-linux-gnu]
    arg [-L/usr/lib/gcc/x86_64-linux-gnu/4.8/../../../../lib] ==> dir [/usr/lib/gcc/x86_64-linux-gnu/4.8/../../../../lib]
    arg [-L/lib/x86_64-linux-gnu] ==> dir [/lib/x86_64-linux-gnu]
    arg [-L/lib/../lib] ==> dir [/lib/../lib]
    arg [-L/usr/lib/x86_64-linux-gnu] ==> dir [/usr/lib/x86_64-linux-gnu]
    arg [-L/usr/lib/../lib] ==> dir [/usr/lib/../lib]
    arg [-L/usr/lib/gcc/x86_64-linux-gnu/4.8/../../..] ==> dir [/usr/lib/gcc/x86_64-linux-gnu/4.8/../../..]
    arg [CMakeFiles/cmTryCompileExec3186811915.dir/CMakeCXXCompilerABI.cpp.o] ==> ignore
    arg [-lstdc++] ==> lib [stdc++]
    arg [-lm] ==> lib [m]
    arg [-lgcc_s] ==> lib [gcc_s]
    arg [-lgcc] ==> lib [gcc]
    arg [-lc] ==> lib [c]
    arg [-lgcc_s] ==> lib [gcc_s]
    arg [-lgcc] ==> lib [gcc]
    arg [/usr/lib/gcc/x86_64-linux-gnu/4.8/crtend.o] ==> ignore
    arg [/usr/lib/gcc/x86_64-linux-gnu/4.8/../../../x86_64-linux-gnu/crtn.o] ==> ignore
  remove lib [gcc_s]
  remove lib [gcc]
  remove lib [gcc_s]
  remove lib [gcc]
  collapse library dir [/usr/lib/gcc/x86_64-linux-gnu/4.8] ==> [/usr/lib/gcc/x86_64-linux-gnu/4.8]
  collapse library dir [/usr/lib/gcc/x86_64-linux-gnu/4.8/../../../x86_64-linux-gnu] ==> [/usr/lib/x86_64-linux-gnu]
  collapse library dir [/usr/lib/gcc/x86_64-linux-gnu/4.8/../../../../lib] ==> [/usr/lib]
  collapse library dir [/lib/x86_64-linux-gnu] ==> [/lib/x86_64-linux-gnu]
  collapse library dir [/lib/../lib] ==> [/lib]
  collapse library dir [/usr/lib/x86_64-linux-gnu] ==> [/usr/lib/x86_64-linux-gnu]
  collapse library dir [/usr/lib/../lib] ==> [/usr/lib]
  collapse library dir [/usr/lib/gcc/x86_64-linux-gnu/4.8/../../..] ==> [/usr/lib]
  implicit libs: [stdc++;m;c]
  implicit dirs: [/usr/lib/gcc/x86_64-linux-gnu/4.8;/usr/lib/x86_64-linux-gnu;/usr/lib;/lib/x86_64-linux-gnu;/lib]
  implicit fwks: []


Determining if the C compiler works passed with the following output:
Change Dir: /go/src/github.com/GOCODE/camera/rpi/opencv/OpenCV/build/CMakeFiles/CMakeTmp

Run Build Command:/usr/bin/make "cmTryCompileExec3937915323/fast"
/usr/bin/make -f CMakeFiles/cmTryCompileExec3937915323.dir/build.make CMakeFiles/cmTryCompileExec3937915323.dir/build
make[1]: Entering directory `/go/src/github.com/GOCODE/camera/rpi/opencv/OpenCV/build/CMakeFiles/CMakeTmp'
/usr/bin/cmake -E cmake_progress_report /go/src/github.com/GOCODE/camera/rpi/opencv/OpenCV/build/CMakeFiles/CMakeTmp/CMakeFiles 1
Building C object CMakeFiles/cmTryCompileExec3937915323.dir/testCCompiler.c.o
/usr/bin/cc   -fPIE   -o CMakeFiles/cmTryCompileExec3937915323.dir/testCCompiler.c.o   -c /go/src/github.com/GOCODE/camera/rpi/opencv/OpenCV/build/CMakeFiles/CMakeTmp/testCCompiler.c
Linking C executable cmTryCompileExec3937915323
/usr/bin/cmake -E cmake_link_script CMakeFiles/cmTryCompileExec3937915323.dir/link.txt --verbose=1
/usr/bin/cc       CMakeFiles/cmTryCompileExec3937915323.dir/testCCompiler.c.o  -o cmTryCompileExec3937915323 -rdynamic 
make[1]: Leaving directory `/go/src/github.com/GOCODE/camera/rpi/opencv/OpenCV/build/CMakeFiles/CMakeTmp'


Detecting C compiler ABI info compiled with the following output:
Change Dir: /go/src/github.com/GOCODE/camera/rpi/opencv/OpenCV/build/CMakeFiles/CMakeTmp

Run Build Command:/usr/bin/make "cmTryCompileExec447415677/fast"
/usr/bin/make -f CMakeFiles/cmTryCompileExec447415677.dir/build.make CMakeFiles/cmTryCompileExec447415677.dir/build
make[1]: Entering directory `/go/src/github.com/GOCODE/camera/rpi/opencv/OpenCV/build/CMakeFiles/CMakeTmp'
/usr/bin/cmake -E cmake_progress_report /go/src/github.com/GOCODE/camera/rpi/opencv/OpenCV/build/CMakeFiles/CMakeTmp/CMakeFiles 1
Building C object CMakeFiles/cmTryCompileExec447415677.dir/CMakeCCompilerABI.c.o
/usr/bin/cc   -fPIE   -o CMakeFiles/cmTryCompileExec447415677.dir/CMakeCCompilerABI.c.o   -c /usr/share/cmake-2.8/Modules/CMakeCCompilerABI.c
Linking C executable cmTryCompileExec447415677
/usr/bin/cmake -E cmake_link_script CMakeFiles/cmTryCompileExec447415677.dir/link.txt --verbose=1
/usr/bin/cc     -v CMakeFiles/cmTryCompileExec447415677.dir/CMakeCCompilerABI.c.o  -o cmTryCompileExec447415677 -rdynamic  
Using built-in specs.
COLLECT_GCC=/usr/bin/cc
COLLECT_LTO_WRAPPER=/usr/lib/gcc/x86_64-linux-gnu/4.8/lto-wrapper
Target: x86_64-linux-gnu
Configured with: ../src/configure -v --with-pkgversion='Ubuntu 4.8.4-2ubuntu1~14.04.4' --with-bugurl=file:///usr/share/doc/gcc-4.8/README.Bugs --enable-languages=c,c++,java,go,d,fortran,objc,obj-c++ --prefix=/usr --program-suffix=-4.8 --enable-shared --enable-linker-build-id --libexecdir=/usr/lib --without-included-gettext --enable-threads=posix --with-gxx-include-dir=/usr/include/c++/4.8 --libdir=/usr/lib --enable-nls --with-sysroot=/ --enable-clocale=gnu --enable-libstdcxx-debug --enable-libstdcxx-time=yes --enable-gnu-unique-object --disable-libmudflap --enable-plugin --with-system-zlib --disable-browser-plugin --enable-java-awt=gtk --enable-gtk-cairo --with-java-home=/usr/lib/jvm/java-1.5.0-gcj-4.8-amd64/jre --enable-java-home --with-jvm-root-dir=/usr/lib/jvm/java-1.5.0-gcj-4.8-amd64 --with-jvm-jar-dir=/usr/lib/jvm-exports/java-1.5.0-gcj-4.8-amd64 --with-arch-directory=amd64 --with-ecj-jar=/usr/share/java/eclipse-ecj.jar --enable-objc-gc --enable-multiarch --disable-werror --with-arch-32=i686 --with-abi=m64 --with-multilib-list=m32,m64,mx32 --with-tune=generic --enable-checking=release --build=x86_64-linux-gnu --host=x86_64-linux-gnu --target=x86_64-linux-gnu
Thread model: posix
gcc version 4.8.4 (Ubuntu 4.8.4-2ubuntu1~14.04.4) 
COMPILER_PATH=/usr/lib/gcc/x86_64-linux-gnu/4.8/:/usr/lib/gcc/x86_64-linux-gnu/4.8/:/usr/lib/gcc/x86_64-linux-gnu/:/usr/lib/gcc/x86_64-linux-gnu/4.8/:/usr/lib/gcc/x86_64-linux-gnu/
LIBRARY_PATH=/usr/lib/gcc/x86_64-linux-gnu/4.8/:/usr/lib/gcc/x86_64-linux-gnu/4.8/../../../x86_64-linux-gnu/:/usr/lib/gcc/x86_64-linux-gnu/4.8/../../../../lib/:/lib/x86_64-linux-gnu/:/lib/../lib/:/usr/lib/x86_64-linux-gnu/:/usr/lib/../lib/:/usr/lib/gcc/x86_64-linux-gnu/4.8/../../../:/lib/:/usr/lib/
COLLECT_GCC_OPTIONS='-v' '-o' 'cmTryCompileExec447415677' '-rdynamic' '-mtune=generic' '-march=x86-64'
 /usr/lib/gcc/x86_64-linux-gnu/4.8/collect2 --sysroot=/ --build-id --eh-frame-hdr -m elf_x86_64 --hash-style=gnu --as-needed -export-dynamic -dynamic-linker /lib64/ld-linux-x86-64.so.2 -z relro -o cmTryCompileExec447415677 /usr/lib/gcc/x86_64-linux-gnu/4.8/../../../x86_64-linux-gnu/crt1.o /usr/lib/gcc/x86_64-linux-gnu/4.8/../../../x86_64-linux-gnu/crti.o /usr/lib/gcc/x86_64-linux-gnu/4.8/crtbegin.o -L/usr/lib/gcc/x86_64-linux-gnu/4.8 -L/usr/lib/gcc/x86_64-linux-gnu/4.8/../../../x86_64-linux-gnu -L/usr/lib/gcc/x86_64-linux-gnu/4.8/../../../../lib -L/lib/x86_64-linux-gnu -L/lib/../lib -L/usr/lib/x86_64-linux-gnu -L/usr/lib/../lib -L/usr/lib/gcc/x86_64-linux-gnu/4.8/../../.. CMakeFiles/cmTryCompileExec447415677.dir/CMakeCCompilerABI.c.o -lgcc --as-needed -lgcc_s --no-as-needed -lc -lgcc --as-needed -lgcc_s --no-as-needed /usr/lib/gcc/x86_64-linux-gnu/4.8/crtend.o /usr/lib/gcc/x86_64-linux-gnu/4.8/../../../x86_64-linux-gnu/crtn.o
make[1]: Leaving directory `/go/src/github.com/GOCODE/camera/rpi/opencv/OpenCV/build/CMakeFiles/CMakeTmp'


Parsed C implicit link information from above output:
  link line regex: [^( *|.*[/\])(ld|([^/\]+-)?ld|collect2)[^/\]*( |$)]
  ignore line: [Change Dir: /go/src/github.com/GOCODE/camera/rpi/opencv/OpenCV/build/CMakeFiles/CMakeTmp]
  ignore line: []
  ignore line: [Run Build Command:/usr/bin/make "cmTryCompileExec447415677/fast"]
  ignore line: [/usr/bin/make -f CMakeFiles/cmTryCompileExec447415677.dir/build.make CMakeFiles/cmTryCompileExec447415677.dir/build]
  ignore line: [make[1]: Entering directory `/go/src/github.com/GOCODE/camera/rpi/opencv/OpenCV/build/CMakeFiles/CMakeTmp']
  ignore line: [/usr/bin/cmake -E cmake_progress_report /go/src/github.com/GOCODE/camera/rpi/opencv/OpenCV/build/CMakeFiles/CMakeTmp/CMakeFiles 1]
  ignore line: [Building C object CMakeFiles/cmTryCompileExec447415677.dir/CMakeCCompilerABI.c.o]
  ignore line: [/usr/bin/cc   -fPIE   -o CMakeFiles/cmTryCompileExec447415677.dir/CMakeCCompilerABI.c.o   -c /usr/share/cmake-2.8/Modules/CMakeCCompilerABI.c]
  ignore line: [Linking C executable cmTryCompileExec447415677]
  ignore line: [/usr/bin/cmake -E cmake_link_script CMakeFiles/cmTryCompileExec447415677.dir/link.txt --verbose=1]
  ignore line: [/usr/bin/cc     -v CMakeFiles/cmTryCompileExec447415677.dir/CMakeCCompilerABI.c.o  -o cmTryCompileExec447415677 -rdynamic  ]
  ignore line: [Using built-in specs.]
  ignore line: [COLLECT_GCC=/usr/bin/cc]
  ignore line: [COLLECT_LTO_WRAPPER=/usr/lib/gcc/x86_64-linux-gnu/4.8/lto-wrapper]
  ignore line: [Target: x86_64-linux-gnu]
  ignore line: [Configured with: ../src/configure -v --with-pkgversion='Ubuntu 4.8.4-2ubuntu1~14.04.4' --with-bugurl=file:///usr/share/doc/gcc-4.8/README.Bugs --enable-languages=c,c++,java,go,d,fortran,objc,obj-c++ --prefix=/usr --program-suffix=-4.8 --enable-shared --enable-linker-build-id --libexecdir=/usr/lib --without-included-gettext --enable-threads=posix --with-gxx-include-dir=/usr/include/c++/4.8 --libdir=/usr/lib --enable-nls --with-sysroot=/ --enable-clocale=gnu --enable-libstdcxx-debug --enable-libstdcxx-time=yes --enable-gnu-unique-object --disable-libmudflap --enable-plugin --with-system-zlib --disable-browser-plugin --enable-java-awt=gtk --enable-gtk-cairo --with-java-home=/usr/lib/jvm/java-1.5.0-gcj-4.8-amd64/jre --enable-java-home --with-jvm-root-dir=/usr/lib/jvm/java-1.5.0-gcj-4.8-amd64 --with-jvm-jar-dir=/usr/lib/jvm-exports/java-1.5.0-gcj-4.8-amd64 --with-arch-directory=amd64 --with-ecj-jar=/usr/share/java/eclipse-ecj.jar --enable-objc-gc --enable-multiarch --disable-werror --with-arch-32=i686 --with-abi=m64 --with-multilib-list=m32,m64,mx32 --with-tune=generic --enable-checking=release --build=x86_64-linux-gnu --host=x86_64-linux-gnu --target=x86_64-linux-gnu]
  ignore line: [Thread model: posix]
  ignore line: [gcc version 4.8.4 (Ubuntu 4.8.4-2ubuntu1~14.04.4) ]
  ignore line: [COMPILER_PATH=/usr/lib/gcc/x86_64-linux-gnu/4.8/:/usr/lib/gcc/x86_64-linux-gnu/4.8/:/usr/lib/gcc/x86_64-linux-gnu/:/usr/lib/gcc/x86_64-linux-gnu/4.8/:/usr/lib/gcc/x86_64-linux-gnu/]
  ignore line: [LIBRARY_PATH=/usr/lib/gcc/x86_64-linux-gnu/4.8/:/usr/lib/gcc/x86_64-linux-gnu/4.8/../../../x86_64-linux-gnu/:/usr/lib/gcc/x86_64-linux-gnu/4.8/../../../../lib/:/lib/x86_64-linux-gnu/:/lib/../lib/:/usr/lib/x86_64-linux-gnu/:/usr/lib/../lib/:/usr/lib/gcc/x86_64-linux-gnu/4.8/../../../:/lib/:/usr/lib/]
  ignore line: [COLLECT_GCC_OPTIONS='-v' '-o' 'cmTryCompileExec447415677' '-rdynamic' '-mtune=generic' '-march=x86-64']
  link line: [ /usr/lib/gcc/x86_64-linux-gnu/4.8/collect2 --sysroot=/ --build-id --eh-frame-hdr -m elf_x86_64 --hash-style=gnu --as-needed -export-dynamic -dynamic-linker /lib64/ld-linux-x86-64.so.2 -z relro -o cmTryCompileExec447415677 /usr/lib/gcc/x86_64-linux-gnu/4.8/../../../x86_64-linux-gnu/crt1.o /usr/lib/gcc/x86_64-linux-gnu/4.8/../../../x86_64-linux-gnu/crti.o /usr/lib/gcc/x86_64-linux-gnu/4.8/crtbegin.o -L/usr/lib/gcc/x86_64-linux-gnu/4.8 -L/usr/lib/gcc/x86_64-linux-gnu/4.8/../../../x86_64-linux-gnu -L/usr/lib/gcc/x86_64-linux-gnu/4.8/../../../../lib -L/lib/x86_64-linux-gnu -L/lib/../lib -L/usr/lib/x86_64-linux-gnu -L/usr/lib/../lib -L/usr/lib/gcc/x86_64-linux-gnu/4.8/../../.. CMakeFiles/cmTryCompileExec447415677.dir/CMakeCCompilerABI.c.o -lgcc --as-needed -lgcc_s --no-as-needed -lc -lgcc --as-needed -lgcc_s --no-as-needed /usr/lib/gcc/x86_64-linux-gnu/4.8/crtend.o /usr/lib/gcc/x86_64-linux-gnu/4.8/../../../x86_64-linux-gnu/crtn.o]
    arg [/usr/lib/gcc/x86_64-linux-gnu/4.8/collect2] ==> ignore
    arg [--sysroot=/] ==> ignore
    arg [--build-id] ==> ignore
    arg [--eh-frame-hdr] ==> ignore
    arg [-m] ==> ignore
    arg [elf_x86_64] ==> ignore
    arg [--hash-style=gnu] ==> ignore
    arg [--as-needed] ==> ignore
    arg [-export-dynamic] ==> ignore
    arg [-dynamic-linker] ==> ignore
    arg [/lib64/ld-linux-x86-64.so.2] ==> ignore
    arg [-zrelro] ==> ignore
    arg [-o] ==> ignore
    arg [cmTryCompileExec447415677] ==> ignore
    arg [/usr/lib/gcc/x86_64-linux-gnu/4.8/../../../x86_64-linux-gnu/crt1.o] ==> ignore
    arg [/usr/lib/gcc/x86_64-linux-gnu/4.8/../../../x86_64-linux-gnu/crti.o] ==> ignore
    arg [/usr/lib/gcc/x86_64-linux-gnu/4.8/crtbegin.o] ==> ignore
    arg [-L/usr/lib/gcc/x86_64-linux-gnu/4.8] ==> dir [/usr/lib/gcc/x86_64-linux-gnu/4.8]
    arg [-L/usr/lib/gcc/x86_64-linux-gnu/4.8/../../../x86_64-linux-gnu] ==> dir [/usr/lib/gcc/x86_64-linux-gnu/4.8/../../../x86_64-linux-gnu]
    arg [-L/usr/lib/gcc/x86_64-linux-gnu/4.8/../../../../lib] ==> dir [/usr/lib/gcc/x86_64-linux-gnu/4.8/../../../../lib]
    arg [-L/lib/x86_64-linux-gnu] ==> dir [/lib/x86_64-linux-gnu]
    arg [-L/lib/../lib] ==> dir [/lib/../lib]
    arg [-L/usr/lib/x86_64-linux-gnu] ==> dir [/usr/lib/x86_64-linux-gnu]
    arg [-L/usr/lib/../lib] ==> dir [/usr/lib/../lib]
    arg [-L/usr/lib/gcc/x86_64-linux-gnu/4.8/../../..] ==> dir [/usr/lib/gcc/x86_64-linux-gnu/4.8/../../..]
    arg [CMakeFiles/cmTryCompileExec447415677.dir/CMakeCCompilerABI.c.o] ==> ignore
    arg [-lgcc] ==> lib [gcc]
    arg [--as-needed] ==> ignore
    arg [-lgcc_s] ==> lib [gcc_s]
    arg [--no-as-needed] ==> ignore
    arg [-lc] ==> lib [c]
    arg [-lgcc] ==> lib [gcc]
    arg [--as-needed] ==> ignore
    arg [-lgcc_s] ==> lib [gcc_s]
    arg [--no-as-needed] ==> ignore
    arg [/usr/lib/gcc/x86_64-linux-gnu/4.8/crtend.o] ==> ignore
    arg [/usr/lib/gcc/x86_64-linux-gnu/4.8/../../../x86_64-linux-gnu/crtn.o] ==> ignore
  remove lib [gcc]
  remove lib [gcc_s]
  remove lib [gcc]
  remove lib [gcc_s]
  collapse library dir [/usr/lib/gcc/x86_64-linux-gnu/4.8] ==> [/usr/lib/gcc/x86_64-linux-gnu/4.8]
  collapse library dir [/usr/lib/gcc/x86_64-linux-gnu/4.8/../../../x86_64-linux-gnu] ==> [/usr/lib/x86_64-linux-gnu]
  collapse library dir [/usr/lib/gcc/x86_64-linux-gnu/4.8/../../../../lib] ==> [/usr/lib]
  collapse library dir [/lib/x86_64-linux-gnu] ==> [/lib/x86_64-linux-gnu]
  collapse library dir [/lib/../lib] ==> [/lib]
  collapse library dir [/usr/lib/x86_64-linux-gnu] ==> [/usr/lib/x86_64-linux-gnu]
  collapse library dir [/usr/lib/../lib] ==> [/usr/lib]
  collapse library dir [/usr/lib/gcc/x86_64-linux-gnu/4.8/../../..] ==> [/usr/lib]
  implicit libs: [c]
  implicit dirs: [/usr/lib/gcc/x86_64-linux-gnu/4.8;/usr/lib/x86_64-linux-gnu;/usr/lib;/lib/x86_64-linux-gnu;/lib]
  implicit fwks: []


Determining if the include file pthread.h exists passed with the following output:
Change Dir: /go/src/github.com/GOCODE/camera/rpi/opencv/OpenCV/build/CMakeFiles/CMakeTmp

Run Build Command:/usr/bin/make "cmTryCompileExec2842216332/fast"
/usr/bin/make -f CMakeFiles/cmTryCompileExec2842216332.dir/build.make CMakeFiles/cmTryCompileExec2842216332.dir/build
make[1]: Entering directory `/go/src/github.com/GOCODE/camera/rpi/opencv/OpenCV/build/CMakeFiles/CMakeTmp'
/usr/bin/cmake -E cmake_progress_report /go/src/github.com/GOCODE/camera/rpi/opencv/OpenCV/build/CMakeFiles/CMakeTmp/CMakeFiles 1
Building C object CMakeFiles/cmTryCompileExec2842216332.dir/CheckIncludeFile.c.o
/usr/bin/cc   -fsigned-char -W -Wall -Werror=return-type -Werror=non-virtual-dtor -Werror=address -Werror=sequence-point -Wformat -Werror=format-security -Wmissing-declarations -Wmissing-prototypes -Wstrict-prototypes -Wundef -Winit-self -Wpointer-arith -Wshadow -Wuninitialized -Winit-self -Wno-narrowing -Wno-comment -fdiagnostics-show-option -Wno-long-long -pthread -fomit-frame-pointer -ffunction-sections -fdata-sections  -msse -msse2 -msse3 -fvisibility=hidden  -O3 -DNDEBUG -fPIE   -o CMakeFiles/cmTryCompileExec2842216332.dir/CheckIncludeFile.c.o   -c /go/src/github.com/GOCODE/camera/rpi/opencv/OpenCV/build/CMakeFiles/CMakeTmp/CheckIncludeFile.c
Linking C executable cmTryCompileExec2842216332
/usr/bin/cmake -E cmake_link_script CMakeFiles/cmTryCompileExec2842216332.dir/link.txt --verbose=1
/usr/bin/cc     -fsigned-char -W -Wall -Werror=return-type -Werror=non-virtual-dtor -Werror=address -Werror=sequence-point -Wformat -Werror=format-security -Wmissing-declarations -Wmissing-prototypes -Wstrict-prototypes -Wundef -Winit-self -Wpointer-arith -Wshadow -Wuninitialized -Winit-self -Wno-narrowing -Wno-comment -fdiagnostics-show-option -Wno-long-long -pthread -fomit-frame-pointer -ffunction-sections -fdata-sections  -msse -msse2 -msse3 -fvisibility=hidden  -O3 -DNDEBUG    CMakeFiles/cmTryCompileExec2842216332.dir/CheckIncludeFile.c.o  -o cmTryCompileExec2842216332 -rdynamic 
make[1]: Leaving directory `/go/src/github.com/GOCODE/camera/rpi/opencv/OpenCV/build/CMakeFiles/CMakeTmp'


Determining if the posix_memalign exist passed with the following output:
Change Dir: /go/src/github.com/GOCODE/camera/rpi/opencv/OpenCV/build/CMakeFiles/CMakeTmp

Run Build Command:/usr/bin/make "cmTryCompileExec991370648/fast"
/usr/bin/make -f CMakeFiles/cmTryCompileExec991370648.dir/build.make CMakeFiles/cmTryCompileExec991370648.dir/build
make[1]: Entering directory `/go/src/github.com/GOCODE/camera/rpi/opencv/OpenCV/build/CMakeFiles/CMakeTmp'
/usr/bin/cmake -E cmake_progress_report /go/src/github.com/GOCODE/camera/rpi/opencv/OpenCV/build/CMakeFiles/CMakeTmp/CMakeFiles 1
Building C object CMakeFiles/cmTryCompileExec991370648.dir/CheckSymbolExists.c.o
/usr/bin/cc   -fsigned-char -W -Wall -Werror=return-type -Werror=non-virtual-dtor -Werror=address -Werror=sequence-point -Wformat -Werror=format-security -Wmissing-declarations -Wmissing-prototypes -Wstrict-prototypes -Wundef -Winit-self -Wpointer-arith -Wshadow -Wuninitialized -Winit-self -Wno-narrowing -Wno-comment -fdiagnostics-show-option -Wno-long-long -pthread -fomit-frame-pointer -ffunction-sections -fdata-sections  -msse -msse2 -msse3 -fvisibility=hidden  -O3 -DNDEBUG -fPIE   -o CMakeFiles/cmTryCompileExec991370648.dir/CheckSymbolExists.c.o   -c /go/src/github.com/GOCODE/camera/rpi/opencv/OpenCV/build/CMakeFiles/CMakeTmp/CheckSymbolExists.c
Linking C executable cmTryCompileExec991370648
/usr/bin/cmake -E cmake_link_script CMakeFiles/cmTryCompileExec991370648.dir/link.txt --verbose=1
/usr/bin/cc     -fsigned-char -W -Wall -Werror=return-type -Werror=non-virtual-dtor -Werror=address -Werror=sequence-point -Wformat -Werror=format-security -Wmissing-declarations -Wmissing-prototypes -Wstrict-prototypes -Wundef -Winit-self -Wpointer-arith -Wshadow -Wuninitialized -Winit-self -Wno-narrowing -Wno-comment -fdiagnostics-show-option -Wno-long-long -pthread -fomit-frame-pointer -ffunction-sections -fdata-sections  -msse -msse2 -msse3 -fvisibility=hidden  -O3 -DNDEBUG    CMakeFiles/cmTryCompileExec991370648.dir/CheckSymbolExists.c.o  -o cmTryCompileExec991370648 -rdynamic 
make[1]: Leaving directory `/go/src/github.com/GOCODE/camera/rpi/opencv/OpenCV/build/CMakeFiles/CMakeTmp'

File /go/src/github.com/GOCODE/camera/rpi/opencv/OpenCV/build/CMakeFiles/CMakeTmp/CheckSymbolExists.c:
/* */
#include <stdlib.h>

int main(int argc, char** argv)
{
  (void)argv;
#ifndef posix_memalign
  return ((int*)(&posix_memalign))[argc];
#else
  (void)argc;
  return 0;
#endif
}

Determining if the include file malloc.h exists passed with the following output:
Change Dir: /go/src/github.com/GOCODE/camera/rpi/opencv/OpenCV/build/CMakeFiles/CMakeTmp

Run Build Command:/usr/bin/make "cmTryCompileExec633222222/fast"
/usr/bin/make -f CMakeFiles/cmTryCompileExec633222222.dir/build.make CMakeFiles/cmTryCompileExec633222222.dir/build
make[1]: Entering directory `/go/src/github.com/GOCODE/camera/rpi/opencv/OpenCV/build/CMakeFiles/CMakeTmp'
/usr/bin/cmake -E cmake_progress_report /go/src/github.com/GOCODE/camera/rpi/opencv/OpenCV/build/CMakeFiles/CMakeTmp/CMakeFiles 1
Building C object CMakeFiles/cmTryCompileExec633222222.dir/CheckIncludeFile.c.o
/usr/bin/cc   -fsigned-char -W -Wall -Werror=return-type -Werror=non-virtual-dtor -Werror=address -Werror=sequence-point -Wformat -Werror=format-security -Wmissing-declarations -Wmissing-prototypes -Wstrict-prototypes -Wundef -Winit-self -Wpointer-arith -Wshadow -Wuninitialized -Winit-self -Wno-narrowing -Wno-comment -fdiagnostics-show-option -Wno-long-long -pthread -fomit-frame-pointer -ffunction-sections -fdata-sections  -msse -msse2 -msse3 -fvisibility=hidden  -O3 -DNDEBUG -fPIE   -o CMakeFiles/cmTryCompileExec633222222.dir/CheckIncludeFile.c.o   -c /go/src/github.com/GOCODE/camera/rpi/opencv/OpenCV/build/CMakeFiles/CMakeTmp/CheckIncludeFile.c
Linking C executable cmTryCompileExec633222222
/usr/bin/cmake -E cmake_link_script CMakeFiles/cmTryCompileExec633222222.dir/link.txt --verbose=1
/usr/bin/cc     -fsigned-char -W -Wall -Werror=return-type -Werror=non-virtual-dtor -Werror=address -Werror=sequence-point -Wformat -Werror=format-security -Wmissing-declarations -Wmissing-prototypes -Wstrict-prototypes -Wundef -Winit-self -Wpointer-arith -Wshadow -Wuninitialized -Winit-self -Wno-narrowing -Wno-comment -fdiagnostics-show-option -Wno-long-long -pthread -fomit-frame-pointer -ffunction-sections -fdata-sections  -msse -msse2 -msse3 -fvisibility=hidden  -O3 -DNDEBUG    CMakeFiles/cmTryCompileExec633222222.dir/CheckIncludeFile.c.o  -o cmTryCompileExec633222222 -rdynamic 
make[1]: Leaving directory `/go/src/github.com/GOCODE/camera/rpi/opencv/OpenCV/build/CMakeFiles/CMakeTmp'


Determining if the memalign exist passed with the following output:
Change Dir: /go/src/github.com/GOCODE/camera/rpi/opencv/OpenCV/build/CMakeFiles/CMakeTmp

Run Build Command:/usr/bin/make "cmTryCompileExec4173602603/fast"
/usr/bin/make -f CMakeFiles/cmTryCompileExec4173602603.dir/build.make CMakeFiles/cmTryCompileExec4173602603.dir/build
make[1]: Entering directory `/go/src/github.com/GOCODE/camera/rpi/opencv/OpenCV/build/CMakeFiles/CMakeTmp'
/usr/bin/cmake -E cmake_progress_report /go/src/github.com/GOCODE/camera/rpi/opencv/OpenCV/build/CMakeFiles/CMakeTmp/CMakeFiles 1
Building C object CMakeFiles/cmTryCompileExec4173602603.dir/CheckSymbolExists.c.o
/usr/bin/cc   -fsigned-char -W -Wall -Werror=return-type -Werror=non-virtual-dtor -Werror=address -Werror=sequence-point -Wformat -Werror=format-security -Wmissing-declarations -Wmissing-prototypes -Wstrict-prototypes -Wundef -Winit-self -Wpointer-arith -Wshadow -Wuninitialized -Winit-self -Wno-narrowing -Wno-comment -fdiagnostics-show-option -Wno-long-long -pthread -fomit-frame-pointer -ffunction-sections -fdata-sections  -msse -msse2 -msse3 -fvisibility=hidden  -O3 -DNDEBUG -fPIE   -o CMakeFiles/cmTryCompileExec4173602603.dir/CheckSymbolExists.c.o   -c /go/src/github.com/GOCODE/camera/rpi/opencv/OpenCV/build/CMakeFiles/CMakeTmp/CheckSymbolExists.c
Linking C executable cmTryCompileExec4173602603
/usr/bin/cmake -E cmake_link_script CMakeFiles/cmTryCompileExec4173602603.dir/link.txt --verbose=1
/usr/bin/cc     -fsigned-char -W -Wall -Werror=return-type -Werror=non-virtual-dtor -Werror=address -Werror=sequence-point -Wformat -Werror=format-security -Wmissing-declarations -Wmissing-prototypes -Wstrict-prototypes -Wundef -Winit-self -Wpointer-arith -Wshadow -Wuninitialized -Winit-self -Wno-narrowing -Wno-comment -fdiagnostics-show-option -Wno-long-long -pthread -fomit-frame-pointer -ffunction-sections -fdata-sections  -msse -msse2 -msse3 -fvisibility=hidden  -O3 -DNDEBUG    CMakeFiles/cmTryCompileExec4173602603.dir/CheckSymbolExists.c.o  -o cmTryCompileExec4173602603 -rdynamic 
make[1]: Leaving directory `/go/src/github.com/GOCODE/camera/rpi/opencv/OpenCV/build/CMakeFiles/CMakeTmp'

File /go/src/github.com/GOCODE/camera/rpi/opencv/OpenCV/build/CMakeFiles/CMakeTmp/CheckSymbolExists.c:
/* */
#include <malloc.h>

int main(int argc, char** argv)
{
  (void)argv;
#ifndef memalign
  return ((int*)(&memalign))[argc];
#else
  (void)argc;
  return 0;
#endif
}

Determining if the include file sys/types.h exists passed with the following output:
Change Dir: /go/src/github.com/GOCODE/camera/rpi/opencv/OpenCV/build/CMakeFiles/CMakeTmp

Run Build Command:/usr/bin/make "cmTryCompileExec1206969476/fast"
/usr/bin/make -f CMakeFiles/cmTryCompileExec1206969476.dir/build.make CMakeFiles/cmTryCompileExec1206969476.dir/build
make[1]: Entering directory `/go/src/github.com/GOCODE/camera/rpi/opencv/OpenCV/build/CMakeFiles/CMakeTmp'
/usr/bin/cmake -E cmake_progress_report /go/src/github.com/GOCODE/camera/rpi/opencv/OpenCV/build/CMakeFiles/CMakeTmp/CMakeFiles 1
Building C object CMakeFiles/cmTryCompileExec1206969476.dir/CheckIncludeFile.c.o
/usr/bin/cc   -fsigned-char -W -Wall -Werror=return-type -Werror=non-virtual-dtor -Werror=address -Werror=sequence-point -Wformat -Werror=format-security -Wmissing-declarations -Wmissing-prototypes -Wstrict-prototypes -Wundef -Winit-self -Wpointer-arith -Wshadow -Wuninitialized -Winit-self -Wno-narrowing -Wno-comment -fdiagnostics-show-option -Wno-long-long -pthread -fomit-frame-pointer -ffunction-sections -fdata-sections  -msse -msse2 -msse3 -fvisibility=hidden  -O3 -DNDEBUG -fPIE   -o CMakeFiles/cmTryCompileExec1206969476.dir/CheckIncludeFile.c.o   -c /go/src/github.com/GOCODE/camera/rpi/opencv/OpenCV/build/CMakeFiles/CMakeTmp/CheckIncludeFile.c
Linking C executable cmTryCompileExec1206969476
/usr/bin/cmake -E cmake_link_script CMakeFiles/cmTryCompileExec1206969476.dir/link.txt --verbose=1
/usr/bin/cc     -fsigned-char -W -Wall -Werror=return-type -Werror=non-virtual-dtor -Werror=address -Werror=sequence-point -Wformat -Werror=format-security -Wmissing-declarations -Wmissing-prototypes -Wstrict-prototypes -Wundef -Winit-self -Wpointer-arith -Wshadow -Wuninitialized -Winit-self -Wno-narrowing -Wno-comment -fdiagnostics-show-option -Wno-long-long -pthread -fomit-frame-pointer -ffunction-sections -fdata-sections  -msse -msse2 -msse3 -fvisibility=hidden  -O3 -DNDEBUG    CMakeFiles/cmTryCompileExec1206969476.dir/CheckIncludeFile.c.o  -o cmTryCompileExec1206969476 -rdynamic 
make[1]: Leaving directory `/go/src/github.com/GOCODE/camera/rpi/opencv/OpenCV/build/CMakeFiles/CMakeTmp'


Determining if the include file stdint.h exists passed with the following output:
Change Dir: /go/src/github.com/GOCODE/camera/rpi/opencv/OpenCV/build/CMakeFiles/CMakeTmp

Run Build Command:/usr/bin/make "cmTryCompileExec2751705013/fast"
/usr/bin/make -f CMakeFiles/cmTryCompileExec2751705013.dir/build.make CMakeFiles/cmTryCompileExec2751705013.dir/build
make[1]: Entering directory `/go/src/github.com/GOCODE/camera/rpi/opencv/OpenCV/build/CMakeFiles/CMakeTmp'
/usr/bin/cmake -E cmake_progress_report /go/src/github.com/GOCODE/camera/rpi/opencv/OpenCV/build/CMakeFiles/CMakeTmp/CMakeFiles 1
Building C object CMakeFiles/cmTryCompileExec2751705013.dir/CheckIncludeFile.c.o
/usr/bin/cc   -fsigned-char -W -Wall -Werror=return-type -Werror=non-virtual-dtor -Werror=address -Werror=sequence-point -Wformat -Werror=format-security -Wmissing-declarations -Wmissing-prototypes -Wstrict-prototypes -Wundef -Winit-self -Wpointer-arith -Wshadow -Wuninitialized -Winit-self -Wno-narrowing -Wno-comment -fdiagnostics-show-option -Wno-long-long -pthread -fomit-frame-pointer -ffunction-sections -fdata-sections  -msse -msse2 -msse3 -fvisibility=hidden  -O3 -DNDEBUG -fPIE   -o CMakeFiles/cmTryCompileExec2751705013.dir/CheckIncludeFile.c.o   -c /go/src/github.com/GOCODE/camera/rpi/opencv/OpenCV/build/CMakeFiles/CMakeTmp/CheckIncludeFile.c
Linking C executable cmTryCompileExec2751705013
/usr/bin/cmake -E cmake_link_script CMakeFiles/cmTryCompileExec2751705013.dir/link.txt --verbose=1
/usr/bin/cc     -fsigned-char -W -Wall -Werror=return-type -Werror=non-virtual-dtor -Werror=address -Werror=sequence-point -Wformat -Werror=format-security -Wmissing-declarations -Wmissing-prototypes -Wstrict-prototypes -Wundef -Winit-self -Wpointer-arith -Wshadow -Wuninitialized -Winit-self -Wno-narrowing -Wno-comment -fdiagnostics-show-option -Wno-long-long -pthread -fomit-frame-pointer -ffunction-sections -fdata-sections  -msse -msse2 -msse3 -fvisibility=hidden  -O3 -DNDEBUG    CMakeFiles/cmTryCompileExec2751705013.dir/CheckIncludeFile.c.o  -o cmTryCompileExec2751705013 -rdynamic 
make[1]: Leaving directory `/go/src/github.com/GOCODE/camera/rpi/opencv/OpenCV/build/CMakeFiles/CMakeTmp'


Determining if the include file stddef.h exists passed with the following output:
Change Dir: /go/src/github.com/GOCODE/camera/rpi/opencv/OpenCV/build/CMakeFiles/CMakeTmp

Run Build Command:/usr/bin/make "cmTryCompileExec215725151/fast"
/usr/bin/make -f CMakeFiles/cmTryCompileExec215725151.dir/build.make CMakeFiles/cmTryCompileExec215725151.dir/build
make[1]: Entering directory `/go/src/github.com/GOCODE/camera/rpi/opencv/OpenCV/build/CMakeFiles/CMakeTmp'
/usr/bin/cmake -E cmake_progress_report /go/src/github.com/GOCODE/camera/rpi/opencv/OpenCV/build/CMakeFiles/CMakeTmp/CMakeFiles 1
Building C object CMakeFiles/cmTryCompileExec215725151.dir/CheckIncludeFile.c.o
/usr/bin/cc   -fsigned-char -W -Wall -Werror=return-type -Werror=non-virtual-dtor -Werror=address -Werror=sequence-point -Wformat -Werror=format-security -Wmissing-declarations -Wmissing-prototypes -Wstrict-prototypes -Wundef -Winit-self -Wpointer-arith -Wshadow -Wuninitialized -Winit-self -Wno-narrowing -Wno-comment -fdiagnostics-show-option -Wno-long-long -pthread -fomit-frame-pointer -ffunction-sections -fdata-sections  -msse -msse2 -msse3 -fvisibility=hidden  -O3 -DNDEBUG -fPIE   -o CMakeFiles/cmTryCompileExec215725151.dir/CheckIncludeFile.c.o   -c /go/src/github.com/GOCODE/camera/rpi/opencv/OpenCV/build/CMakeFiles/CMakeTmp/CheckIncludeFile.c
Linking C executable cmTryCompileExec215725151
/usr/bin/cmake -E cmake_link_script CMakeFiles/cmTryCompileExec215725151.dir/link.txt --verbose=1
/usr/bin/cc     -fsigned-char -W -Wall -Werror=return-type -Werror=non-virtual-dtor -Werror=address -Werror=sequence-point -Wformat -Werror=format-security -Wmissing-declarations -Wmissing-prototypes -Wstrict-prototypes -Wundef -Winit-self -Wpointer-arith -Wshadow -Wuninitialized -Winit-self -Wno-narrowing -Wno-comment -fdiagnostics-show-option -Wno-long-long -pthread -fomit-frame-pointer -ffunction-sections -fdata-sections  -msse -msse2 -msse3 -fvisibility=hidden  -O3 -DNDEBUG    CMakeFiles/cmTryCompileExec215725151.dir/CheckIncludeFile.c.o  -o cmTryCompileExec215725151 -rdynamic 
make[1]: Leaving directory `/go/src/github.com/GOCODE/camera/rpi/opencv/OpenCV/build/CMakeFiles/CMakeTmp'


Determining size of unsigned short passed with the following output:
Change Dir: /go/src/github.com/GOCODE/camera/rpi/opencv/OpenCV/build/CMakeFiles/CMakeTmp

Run Build Command:/usr/bin/make "cmTryCompileExec2017186600/fast"
/usr/bin/make -f CMakeFiles/cmTryCompileExec2017186600.dir/build.make CMakeFiles/cmTryCompileExec2017186600.dir/build
make[1]: Entering directory `/go/src/github.com/GOCODE/camera/rpi/opencv/OpenCV/build/CMakeFiles/CMakeTmp'
/usr/bin/cmake -E cmake_progress_report /go/src/github.com/GOCODE/camera/rpi/opencv/OpenCV/build/CMakeFiles/CMakeTmp/CMakeFiles 1
Building C object CMakeFiles/cmTryCompileExec2017186600.dir/CMAKE_SIZEOF_UNSIGNED_SHORT.c.o
/usr/bin/cc   -fsigned-char -W -Wall -Werror=return-type -Werror=non-virtual-dtor -Werror=address -Werror=sequence-point -Wformat -Werror=format-security -Wmissing-declarations -Wmissing-prototypes -Wstrict-prototypes -Wundef -Winit-self -Wpointer-arith -Wshadow -Wuninitialized -Winit-self -Wno-narrowing -Wno-comment -fdiagnostics-show-option -Wno-long-long -pthread -fomit-frame-pointer -ffunction-sections -fdata-sections  -msse -msse2 -msse3 -fvisibility=hidden  -O3 -DNDEBUG -fPIE   -o CMakeFiles/cmTryCompileExec2017186600.dir/CMAKE_SIZEOF_UNSIGNED_SHORT.c.o   -c /go/src/github.com/GOCODE/camera/rpi/opencv/OpenCV/build/CMakeFiles/CheckTypeSize/CMAKE_SIZEOF_UNSIGNED_SHORT.c
Linking C executable cmTryCompileExec2017186600
/usr/bin/cmake -E cmake_link_script CMakeFiles/cmTryCompileExec2017186600.dir/link.txt --verbose=1
/usr/bin/cc     -fsigned-char -W -Wall -Werror=return-type -Werror=non-virtual-dtor -Werror=address -Werror=sequence-point -Wformat -Werror=format-security -Wmissing-declarations -Wmissing-prototypes -Wstrict-prototypes -Wundef -Winit-self -Wpointer-arith -Wshadow -Wuninitialized -Winit-self -Wno-narrowing -Wno-comment -fdiagnostics-show-option -Wno-long-long -pthread -fomit-frame-pointer -ffunction-sections -fdata-sections  -msse -msse2 -msse3 -fvisibility=hidden  -O3 -DNDEBUG    CMakeFiles/cmTryCompileExec2017186600.dir/CMAKE_SIZEOF_UNSIGNED_SHORT.c.o  -o cmTryCompileExec2017186600 -rdynamic 
make[1]: Leaving directory `/go/src/github.com/GOCODE/camera/rpi/opencv/OpenCV/build/CMakeFiles/CMakeTmp'


Determining if the include file /usr/include/libpng/png.h exists passed with the following output:
Change Dir: /go/src/github.com/GOCODE/camera/rpi/opencv/OpenCV/build/CMakeFiles/CMakeTmp

Run Build Command:/usr/bin/make "cmTryCompileExec4259663853/fast"
/usr/bin/make -f CMakeFiles/cmTryCompileExec4259663853.dir/build.make CMakeFiles/cmTryCompileExec4259663853.dir/build
make[1]: Entering directory `/go/src/github.com/GOCODE/camera/rpi/opencv/OpenCV/build/CMakeFiles/CMakeTmp'
/usr/bin/cmake -E cmake_progress_report /go/src/github.com/GOCODE/camera/rpi/opencv/OpenCV/build/CMakeFiles/CMakeTmp/CMakeFiles 1
Building C object CMakeFiles/cmTryCompileExec4259663853.dir/CheckIncludeFile.c.o
/usr/bin/cc   -fsigned-char -W -Wall -Werror=return-type -Werror=non-virtual-dtor -Werror=address -Werror=sequence-point -Wformat -Werror=format-security -Wmissing-declarations -Wmissing-prototypes -Wstrict-prototypes -Wundef -Winit-self -Wpointer-arith -Wshadow -Wuninitialized -Winit-self -Wno-narrowing -Wno-comment -fdiagnostics-show-option -Wno-long-long -pthread -fomit-frame-pointer -ffunction-sections -fdata-sections  -msse -msse2 -msse3 -fvisibility=hidden  -O3 -DNDEBUG -fPIE   -o CMakeFiles/cmTryCompileExec4259663853.dir/CheckIncludeFile.c.o   -c /go/src/github.com/GOCODE/camera/rpi/opencv/OpenCV/build/CMakeFiles/CMakeTmp/CheckIncludeFile.c
Linking C executable cmTryCompileExec4259663853
/usr/bin/cmake -E cmake_link_script CMakeFiles/cmTryCompileExec4259663853.dir/link.txt --verbose=1
/usr/bin/cc     -fsigned-char -W -Wall -Werror=return-type -Werror=non-virtual-dtor -Werror=address -Werror=sequence-point -Wformat -Werror=format-security -Wmissing-declarations -Wmissing-prototypes -Wstrict-prototypes -Wundef -Winit-self -Wpointer-arith -Wshadow -Wuninitialized -Winit-self -Wno-narrowing -Wno-comment -fdiagnostics-show-option -Wno-long-long -pthread -fomit-frame-pointer -ffunction-sections -fdata-sections  -msse -msse2 -msse3 -fvisibility=hidden  -O3 -DNDEBUG    CMakeFiles/cmTryCompileExec4259663853.dir/CheckIncludeFile.c.o  -o cmTryCompileExec4259663853 -rdynamic 
make[1]: Leaving directory `/go/src/github.com/GOCODE/camera/rpi/opencv/OpenCV/build/CMakeFiles/CMakeTmp'


Determining if the function XOpenDisplay exists in the /usr/lib/x86_64-linux-gnu/libX11.so;/usr/lib/x86_64-linux-gnu/libXext.so passed with the following output:
Change Dir: /go/src/github.com/GOCODE/camera/rpi/opencv/OpenCV/build/CMakeFiles/CMakeTmp

Run Build Command:/usr/bin/make "cmTryCompileExec750508339/fast"
/usr/bin/make -f CMakeFiles/cmTryCompileExec750508339.dir/build.make CMakeFiles/cmTryCompileExec750508339.dir/build
make[1]: Entering directory `/go/src/github.com/GOCODE/camera/rpi/opencv/OpenCV/build/CMakeFiles/CMakeTmp'
/usr/bin/cmake -E cmake_progress_report /go/src/github.com/GOCODE/camera/rpi/opencv/OpenCV/build/CMakeFiles/CMakeTmp/CMakeFiles 1
Building C object CMakeFiles/cmTryCompileExec750508339.dir/CheckFunctionExists.c.o
/usr/bin/cc   -fsigned-char -W -Wall -Werror=return-type -Werror=non-virtual-dtor -Werror=address -Werror=sequence-point -Wformat -Werror=format-security -Wmissing-declarations -Wmissing-prototypes -Wstrict-prototypes -Wundef -Winit-self -Wpointer-arith -Wshadow -Wuninitialized -Winit-self -Wno-narrowing -Wno-comment -fdiagnostics-show-option -Wno-long-long -pthread -fomit-frame-pointer -ffunction-sections -fdata-sections  -msse -msse2 -msse3 -fvisibility=hidden -DCHECK_FUNCTION_EXISTS=XOpenDisplay -O3 -DNDEBUG -fPIE   -o CMakeFiles/cmTryCompileExec750508339.dir/CheckFunctionExists.c.o   -c /usr/share/cmake-2.8/Modules/CheckFunctionExists.c
/usr/share/cmake-2.8/Modules/CheckFunctionExists.c:3:1: warning: function declaration isn’t a prototype [-Wstrict-prototypes]
 char CHECK_FUNCTION_EXISTS();
 ^
Linking C executable cmTryCompileExec750508339
/usr/bin/cmake -E cmake_link_script CMakeFiles/cmTryCompileExec750508339.dir/link.txt --verbose=1
/usr/bin/cc     -fsigned-char -W -Wall -Werror=return-type -Werror=non-virtual-dtor -Werror=address -Werror=sequence-point -Wformat -Werror=format-security -Wmissing-declarations -Wmissing-prototypes -Wstrict-prototypes -Wundef -Winit-self -Wpointer-arith -Wshadow -Wuninitialized -Winit-self -Wno-narrowing -Wno-comment -fdiagnostics-show-option -Wno-long-long -pthread -fomit-frame-pointer -ffunction-sections -fdata-sections  -msse -msse2 -msse3 -fvisibility=hidden -DCHECK_FUNCTION_EXISTS=XOpenDisplay -O3 -DNDEBUG    CMakeFiles/cmTryCompileExec750508339.dir/CheckFunctionExists.c.o  -o cmTryCompileExec750508339 -rdynamic -lX11 -lXext 
make[1]: Leaving directory `/go/src/github.com/GOCODE/camera/rpi/opencv/OpenCV/build/CMakeFiles/CMakeTmp'


Determining if the function gethostbyname exists passed with the following output:
Change Dir: /go/src/github.com/GOCODE/camera/rpi/opencv/OpenCV/build/CMakeFiles/CMakeTmp

Run Build Command:/usr/bin/make "cmTryCompileExec1228732231/fast"
/usr/bin/make -f CMakeFiles/cmTryCompileExec1228732231.dir/build.make CMakeFiles/cmTryCompileExec1228732231.dir/build
make[1]: Entering directory `/go/src/github.com/GOCODE/camera/rpi/opencv/OpenCV/build/CMakeFiles/CMakeTmp'
/usr/bin/cmake -E cmake_progress_report /go/src/github.com/GOCODE/camera/rpi/opencv/OpenCV/build/CMakeFiles/CMakeTmp/CMakeFiles 1
Building C object CMakeFiles/cmTryCompileExec1228732231.dir/CheckFunctionExists.c.o
/usr/bin/cc   -fsigned-char -W -Wall -Werror=return-type -Werror=non-virtual-dtor -Werror=address -Werror=sequence-point -Wformat -Werror=format-security -Wmissing-declarations -Wmissing-prototypes -Wstrict-prototypes -Wundef -Winit-self -Wpointer-arith -Wshadow -Wuninitialized -Winit-self -Wno-narrowing -Wno-comment -fdiagnostics-show-option -Wno-long-long -pthread -fomit-frame-pointer -ffunction-sections -fdata-sections  -msse -msse2 -msse3 -fvisibility=hidden -DCHECK_FUNCTION_EXISTS=gethostbyname -O3 -DNDEBUG -fPIE   -o CMakeFiles/cmTryCompileExec1228732231.dir/CheckFunctionExists.c.o   -c /usr/share/cmake-2.8/Modules/CheckFunctionExists.c
/usr/share/cmake-2.8/Modules/CheckFunctionExists.c:3:1: warning: function declaration isn’t a prototype [-Wstrict-prototypes]
 char CHECK_FUNCTION_EXISTS();
 ^
Linking C executable cmTryCompileExec1228732231
/usr/bin/cmake -E cmake_link_script CMakeFiles/cmTryCompileExec1228732231.dir/link.txt --verbose=1
/usr/bin/cc     -fsigned-char -W -Wall -Werror=return-type -Werror=non-virtual-dtor -Werror=address -Werror=sequence-point -Wformat -Werror=format-security -Wmissing-declarations -Wmissing-prototypes -Wstrict-prototypes -Wundef -Winit-self -Wpointer-arith -Wshadow -Wuninitialized -Winit-self -Wno-narrowing -Wno-comment -fdiagnostics-show-option -Wno-long-long -pthread -fomit-frame-pointer -ffunction-sections -fdata-sections  -msse -msse2 -msse3 -fvisibility=hidden -DCHECK_FUNCTION_EXISTS=gethostbyname -O3 -DNDEBUG    CMakeFiles/cmTryCompileExec1228732231.dir/CheckFunctionExists.c.o  -o cmTryCompileExec1228732231 -rdynamic 
make[1]: Leaving directory `/go/src/github.com/GOCODE/camera/rpi/opencv/OpenCV/build/CMakeFiles/CMakeTmp'


Determining if the function connect exists passed with the following output:
Change Dir: /go/src/github.com/GOCODE/camera/rpi/opencv/OpenCV/build/CMakeFiles/CMakeTmp

Run Build Command:/usr/bin/make "cmTryCompileExec2511548781/fast"
/usr/bin/make -f CMakeFiles/cmTryCompileExec2511548781.dir/build.make CMakeFiles/cmTryCompileExec2511548781.dir/build
make[1]: Entering directory `/go/src/github.com/GOCODE/camera/rpi/opencv/OpenCV/build/CMakeFiles/CMakeTmp'
/usr/bin/cmake -E cmake_progress_report /go/src/github.com/GOCODE/camera/rpi/opencv/OpenCV/build/CMakeFiles/CMakeTmp/CMakeFiles 1
Building C object CMakeFiles/cmTryCompileExec2511548781.dir/CheckFunctionExists.c.o
/usr/bin/cc   -fsigned-char -W -Wall -Werror=return-type -Werror=non-virtual-dtor -Werror=address -Werror=sequence-point -Wformat -Werror=format-security -Wmissing-declarations -Wmissing-prototypes -Wstrict-prototypes -Wundef -Winit-self -Wpointer-arith -Wshadow -Wuninitialized -Winit-self -Wno-narrowing -Wno-comment -fdiagnostics-show-option -Wno-long-long -pthread -fomit-frame-pointer -ffunction-sections -fdata-sections  -msse -msse2 -msse3 -fvisibility=hidden -DCHECK_FUNCTION_EXISTS=connect -O3 -DNDEBUG -fPIE   -o CMakeFiles/cmTryCompileExec2511548781.dir/CheckFunctionExists.c.o   -c /usr/share/cmake-2.8/Modules/CheckFunctionExists.c
/usr/share/cmake-2.8/Modules/CheckFunctionExists.c:3:1: warning: function declaration isn’t a prototype [-Wstrict-prototypes]
 char CHECK_FUNCTION_EXISTS();
 ^
Linking C executable cmTryCompileExec2511548781
/usr/bin/cmake -E cmake_link_script CMakeFiles/cmTryCompileExec2511548781.dir/link.txt --verbose=1
/usr/bin/cc     -fsigned-char -W -Wall -Werror=return-type -Werror=non-virtual-dtor -Werror=address -Werror=sequence-point -Wformat -Werror=format-security -Wmissing-declarations -Wmissing-prototypes -Wstrict-prototypes -Wundef -Winit-self -Wpointer-arith -Wshadow -Wuninitialized -Winit-self -Wno-narrowing -Wno-comment -fdiagnostics-show-option -Wno-long-long -pthread -fomit-frame-pointer -ffunction-sections -fdata-sections  -msse -msse2 -msse3 -fvisibility=hidden -DCHECK_FUNCTION_EXISTS=connect -O3 -DNDEBUG    CMakeFiles/cmTryCompileExec2511548781.dir/CheckFunctionExists.c.o  -o cmTryCompileExec2511548781 -rdynamic 
make[1]: Leaving directory `/go/src/github.com/GOCODE/camera/rpi/opencv/OpenCV/build/CMakeFiles/CMakeTmp'


Determining if the function remove exists passed with the following output:
Change Dir: /go/src/github.com/GOCODE/camera/rpi/opencv/OpenCV/build/CMakeFiles/CMakeTmp

Run Build Command:/usr/bin/make "cmTryCompileExec1818914438/fast"
/usr/bin/make -f CMakeFiles/cmTryCompileExec1818914438.dir/build.make CMakeFiles/cmTryCompileExec1818914438.dir/build
make[1]: Entering directory `/go/src/github.com/GOCODE/camera/rpi/opencv/OpenCV/build/CMakeFiles/CMakeTmp'
/usr/bin/cmake -E cmake_progress_report /go/src/github.com/GOCODE/camera/rpi/opencv/OpenCV/build/CMakeFiles/CMakeTmp/CMakeFiles 1
Building C object CMakeFiles/cmTryCompileExec1818914438.dir/CheckFunctionExists.c.o
/usr/bin/cc   -fsigned-char -W -Wall -Werror=return-type -Werror=non-virtual-dtor -Werror=address -Werror=sequence-point -Wformat -Werror=format-security -Wmissing-declarations -Wmissing-prototypes -Wstrict-prototypes -Wundef -Winit-self -Wpointer-arith -Wshadow -Wuninitialized -Winit-self -Wno-narrowing -Wno-comment -fdiagnostics-show-option -Wno-long-long -pthread -fomit-frame-pointer -ffunction-sections -fdata-sections  -msse -msse2 -msse3 -fvisibility=hidden -DCHECK_FUNCTION_EXISTS=remove -O3 -DNDEBUG -fPIE   -o CMakeFiles/cmTryCompileExec1818914438.dir/CheckFunctionExists.c.o   -c /usr/share/cmake-2.8/Modules/CheckFunctionExists.c
/usr/share/cmake-2.8/Modules/CheckFunctionExists.c:3:1: warning: function declaration isn’t a prototype [-Wstrict-prototypes]
 char CHECK_FUNCTION_EXISTS();
 ^
Linking C executable cmTryCompileExec1818914438
/usr/bin/cmake -E cmake_link_script CMakeFiles/cmTryCompileExec1818914438.dir/link.txt --verbose=1
/usr/bin/cc     -fsigned-char -W -Wall -Werror=return-type -Werror=non-virtual-dtor -Werror=address -Werror=sequence-point -Wformat -Werror=format-security -Wmissing-declarations -Wmissing-prototypes -Wstrict-prototypes -Wundef -Winit-self -Wpointer-arith -Wshadow -Wuninitialized -Winit-self -Wno-narrowing -Wno-comment -fdiagnostics-show-option -Wno-long-long -pthread -fomit-frame-pointer -ffunction-sections -fdata-sections  -msse -msse2 -msse3 -fvisibility=hidden -DCHECK_FUNCTION_EXISTS=remove -O3 -DNDEBUG    CMakeFiles/cmTryCompileExec1818914438.dir/CheckFunctionExists.c.o  -o cmTryCompileExec1818914438 -rdynamic 
make[1]: Leaving directory `/go/src/github.com/GOCODE/camera/rpi/opencv/OpenCV/build/CMakeFiles/CMakeTmp'


Determining if the function shmat exists passed with the following output:
Change Dir: /go/src/github.com/GOCODE/camera/rpi/opencv/OpenCV/build/CMakeFiles/CMakeTmp

Run Build Command:/usr/bin/make "cmTryCompileExec799394826/fast"
/usr/bin/make -f CMakeFiles/cmTryCompileExec799394826.dir/build.make CMakeFiles/cmTryCompileExec799394826.dir/build
make[1]: Entering directory `/go/src/github.com/GOCODE/camera/rpi/opencv/OpenCV/build/CMakeFiles/CMakeTmp'
/usr/bin/cmake -E cmake_progress_report /go/src/github.com/GOCODE/camera/rpi/opencv/OpenCV/build/CMakeFiles/CMakeTmp/CMakeFiles 1
Building C object CMakeFiles/cmTryCompileExec799394826.dir/CheckFunctionExists.c.o
/usr/bin/cc   -fsigned-char -W -Wall -Werror=return-type -Werror=non-virtual-dtor -Werror=address -Werror=sequence-point -Wformat -Werror=format-security -Wmissing-declarations -Wmissing-prototypes -Wstrict-prototypes -Wundef -Winit-self -Wpointer-arith -Wshadow -Wuninitialized -Winit-self -Wno-narrowing -Wno-comment -fdiagnostics-show-option -Wno-long-long -pthread -fomit-frame-pointer -ffunction-sections -fdata-sections  -msse -msse2 -msse3 -fvisibility=hidden -DCHECK_FUNCTION_EXISTS=shmat -O3 -DNDEBUG -fPIE   -o CMakeFiles/cmTryCompileExec799394826.dir/CheckFunctionExists.c.o   -c /usr/share/cmake-2.8/Modules/CheckFunctionExists.c
/usr/share/cmake-2.8/Modules/CheckFunctionExists.c:3:1: warning: function declaration isn’t a prototype [-Wstrict-prototypes]
 char CHECK_FUNCTION_EXISTS();
 ^
Linking C executable cmTryCompileExec799394826
/usr/bin/cmake -E cmake_link_script CMakeFiles/cmTryCompileExec799394826.dir/link.txt --verbose=1
/usr/bin/cc     -fsigned-char -W -Wall -Werror=return-type -Werror=non-virtual-dtor -Werror=address -Werror=sequence-point -Wformat -Werror=format-security -Wmissing-declarations -Wmissing-prototypes -Wstrict-prototypes -Wundef -Winit-self -Wpointer-arith -Wshadow -Wuninitialized -Winit-self -Wno-narrowing -Wno-comment -fdiagnostics-show-option -Wno-long-long -pthread -fomit-frame-pointer -ffunction-sections -fdata-sections  -msse -msse2 -msse3 -fvisibility=hidden -DCHECK_FUNCTION_EXISTS=shmat -O3 -DNDEBUG    CMakeFiles/cmTryCompileExec799394826.dir/CheckFunctionExists.c.o  -o cmTryCompileExec799394826 -rdynamic 
make[1]: Leaving directory `/go/src/github.com/GOCODE/camera/rpi/opencv/OpenCV/build/CMakeFiles/CMakeTmp'


Determining if the function IceConnectionNumber exists in the ICE passed with the following output:
Change Dir: /go/src/github.com/GOCODE/camera/rpi/opencv/OpenCV/build/CMakeFiles/CMakeTmp

Run Build Command:/usr/bin/make "cmTryCompileExec3619790110/fast"
/usr/bin/make -f CMakeFiles/cmTryCompileExec3619790110.dir/build.make CMakeFiles/cmTryCompileExec3619790110.dir/build
make[1]: Entering directory `/go/src/github.com/GOCODE/camera/rpi/opencv/OpenCV/build/CMakeFiles/CMakeTmp'
/usr/bin/cmake -E cmake_progress_report /go/src/github.com/GOCODE/camera/rpi/opencv/OpenCV/build/CMakeFiles/CMakeTmp/CMakeFiles 1
Building C object CMakeFiles/cmTryCompileExec3619790110.dir/CheckFunctionExists.c.o
/usr/bin/cc   -fsigned-char -W -Wall -Werror=return-type -Werror=non-virtual-dtor -Werror=address -Werror=sequence-point -Wformat -Werror=format-security -Wmissing-declarations -Wmissing-prototypes -Wstrict-prototypes -Wundef -Winit-self -Wpointer-arith -Wshadow -Wuninitialized -Winit-self -Wno-narrowing -Wno-comment -fdiagnostics-show-option -Wno-long-long -pthread -fomit-frame-pointer -ffunction-sections -fdata-sections  -msse -msse2 -msse3 -fvisibility=hidden -DCHECK_FUNCTION_EXISTS=IceConnectionNumber -O3 -DNDEBUG -fPIE   -o CMakeFiles/cmTryCompileExec3619790110.dir/CheckFunctionExists.c.o   -c /usr/share/cmake-2.8/Modules/CheckFunctionExists.c
/usr/share/cmake-2.8/Modules/CheckFunctionExists.c:3:1: warning: function declaration isn’t a prototype [-Wstrict-prototypes]
 char CHECK_FUNCTION_EXISTS();
 ^
Linking C executable cmTryCompileExec3619790110
/usr/bin/cmake -E cmake_link_script CMakeFiles/cmTryCompileExec3619790110.dir/link.txt --verbose=1
/usr/bin/cc     -fsigned-char -W -Wall -Werror=return-type -Werror=non-virtual-dtor -Werror=address -Werror=sequence-point -Wformat -Werror=format-security -Wmissing-declarations -Wmissing-prototypes -Wstrict-prototypes -Wundef -Winit-self -Wpointer-arith -Wshadow -Wuninitialized -Winit-self -Wno-narrowing -Wno-comment -fdiagnostics-show-option -Wno-long-long -pthread -fomit-frame-pointer -ffunction-sections -fdata-sections  -msse -msse2 -msse3 -fvisibility=hidden -DCHECK_FUNCTION_EXISTS=IceConnectionNumber -O3 -DNDEBUG    CMakeFiles/cmTryCompileExec3619790110.dir/CheckFunctionExists.c.o  -o cmTryCompileExec3619790110 -rdynamic -lICE 
make[1]: Leaving directory `/go/src/github.com/GOCODE/camera/rpi/opencv/OpenCV/build/CMakeFiles/CMakeTmp'


Determining if the include file linux/videodev2.h exists passed with the following output:
Change Dir: /go/src/github.com/GOCODE/camera/rpi/opencv/OpenCV/build/CMakeFiles/CMakeTmp

Run Build Command:/usr/bin/make "cmTryCompileExec37015852/fast"
/usr/bin/make -f CMakeFiles/cmTryCompileExec37015852.dir/build.make CMakeFiles/cmTryCompileExec37015852.dir/build
make[1]: Entering directory `/go/src/github.com/GOCODE/camera/rpi/opencv/OpenCV/build/CMakeFiles/CMakeTmp'
/usr/bin/cmake -E cmake_progress_report /go/src/github.com/GOCODE/camera/rpi/opencv/OpenCV/build/CMakeFiles/CMakeTmp/CMakeFiles 1
Building C object CMakeFiles/cmTryCompileExec37015852.dir/CheckIncludeFile.c.o
/usr/bin/cc   -fsigned-char -W -Wall -Werror=return-type -Werror=non-virtual-dtor -Werror=address -Werror=sequence-point -Wformat -Werror=format-security -Wmissing-declarations -Wmissing-prototypes -Wstrict-prototypes -Wundef -Winit-self -Wpointer-arith -Wshadow -Wuninitialized -Winit-self -Wno-narrowing -Wno-comment -fdiagnostics-show-option -Wno-long-long -pthread -fomit-frame-pointer -ffunction-sections -fdata-sections  -msse -msse2 -msse3 -fvisibility=hidden  -O3 -DNDEBUG -fPIE   -o CMakeFiles/cmTryCompileExec37015852.dir/CheckIncludeFile.c.o   -c /go/src/github.com/GOCODE/camera/rpi/opencv/OpenCV/build/CMakeFiles/CMakeTmp/CheckIncludeFile.c
Linking C executable cmTryCompileExec37015852
/usr/bin/cmake -E cmake_link_script CMakeFiles/cmTryCompileExec37015852.dir/link.txt --verbose=1
/usr/bin/cc     -fsigned-char -W -Wall -Werror=return-type -Werror=non-virtual-dtor -Werror=address -Werror=sequence-point -Wformat -Werror=format-security -Wmissing-declarations -Wmissing-prototypes -Wstrict-prototypes -Wundef -Winit-self -Wpointer-arith -Wshadow -Wuninitialized -Winit-self -Wno-narrowing -Wno-comment -fdiagnostics-show-option -Wno-long-long -pthread -fomit-frame-pointer -ffunction-sections -fdata-sections  -msse -msse2 -msse3 -fvisibility=hidden  -O3 -DNDEBUG    CMakeFiles/cmTryCompileExec37015852.dir/CheckIncludeFile.c.o  -o cmTryCompileExec37015852 -rdynamic 
make[1]: Leaving directory `/go/src/github.com/GOCODE/camera/rpi/opencv/OpenCV/build/CMakeFiles/CMakeTmp'


Determining if the function sgemm_ exists passed with the following output:
Change Dir: /go/src/github.com/GOCODE/camera/rpi/opencv/OpenCV/build/CMakeFiles/CMakeTmp

Run Build Command:/usr/bin/make "cmTryCompileExec2550302980/fast"
/usr/bin/make -f CMakeFiles/cmTryCompileExec2550302980.dir/build.make CMakeFiles/cmTryCompileExec2550302980.dir/build
make[1]: Entering directory `/go/src/github.com/GOCODE/camera/rpi/opencv/OpenCV/build/CMakeFiles/CMakeTmp'
/usr/bin/cmake -E cmake_progress_report /go/src/github.com/GOCODE/camera/rpi/opencv/OpenCV/build/CMakeFiles/CMakeTmp/CMakeFiles 1
Building C object CMakeFiles/cmTryCompileExec2550302980.dir/CheckFunctionExists.c.o
/usr/bin/cc   -fsigned-char -W -Wall -Werror=return-type -Werror=non-virtual-dtor -Werror=address -Werror=sequence-point -Wformat -Werror=format-security -Wmissing-declarations -Wmissing-prototypes -Wstrict-prototypes -Wundef -Winit-self -Wpointer-arith -Wshadow -Wuninitialized -Winit-self -Wno-narrowing -Wno-comment -fdiagnostics-show-option -Wno-long-long -pthread -fomit-frame-pointer -ffunction-sections -fdata-sections  -msse -msse2 -msse3 -fvisibility=hidden -DCHECK_FUNCTION_EXISTS=sgemm_ -O3 -DNDEBUG -fPIE   -o CMakeFiles/cmTryCompileExec2550302980.dir/CheckFunctionExists.c.o   -c /usr/share/cmake-2.8/Modules/CheckFunctionExists.c
/usr/share/cmake-2.8/Modules/CheckFunctionExists.c:3:1: warning: function declaration isn’t a prototype [-Wstrict-prototypes]
 char CHECK_FUNCTION_EXISTS();
 ^
Linking C executable cmTryCompileExec2550302980
/usr/bin/cmake -E cmake_link_script CMakeFiles/cmTryCompileExec2550302980.dir/link.txt --verbose=1
/usr/bin/cc     -fsigned-char -W -Wall -Werror=return-type -Werror=non-virtual-dtor -Werror=address -Werror=sequence-point -Wformat -Werror=format-security -Wmissing-declarations -Wmissing-prototypes -Wstrict-prototypes -Wundef -Winit-self -Wpointer-arith -Wshadow -Wuninitialized -Winit-self -Wno-narrowing -Wno-comment -fdiagnostics-show-option -Wno-long-long -pthread -fomit-frame-pointer -ffunction-sections -fdata-sections  -msse -msse2 -msse3 -fvisibility=hidden -DCHECK_FUNCTION_EXISTS=sgemm_ -O3 -DNDEBUG    CMakeFiles/cmTryCompileExec2550302980.dir/CheckFunctionExists.c.o  -o cmTryCompileExec2550302980 -rdynamic /usr/lib/libblas.so.3gf 
make[1]: Leaving directory `/go/src/github.com/GOCODE/camera/rpi/opencv/OpenCV/build/CMakeFiles/CMakeTmp'


Determining if files pthread.h exist passed with the following output:
Change Dir: /go/src/github.com/GOCODE/camera/rpi/opencv/OpenCV/build/CMakeFiles/CMakeTmp

Run Build Command:/usr/bin/make "cmTryCompileExec3890740543/fast"
/usr/bin/make -f CMakeFiles/cmTryCompileExec3890740543.dir/build.make CMakeFiles/cmTryCompileExec3890740543.dir/build
make[1]: Entering directory `/go/src/github.com/GOCODE/camera/rpi/opencv/OpenCV/build/CMakeFiles/CMakeTmp'
/usr/bin/cmake -E cmake_progress_report /go/src/github.com/GOCODE/camera/rpi/opencv/OpenCV/build/CMakeFiles/CMakeTmp/CMakeFiles 1
Building C object CMakeFiles/cmTryCompileExec3890740543.dir/CheckIncludeFiles.c.o
/usr/bin/cc   -fsigned-char -W -Wall -Werror=return-type -Werror=non-virtual-dtor -Werror=address -Werror=sequence-point -Wformat -Werror=format-security -Wmissing-declarations -Wmissing-prototypes -Wstrict-prototypes -Wundef -Winit-self -Wpointer-arith -Wshadow -Wuninitialized -Winit-self -Wno-narrowing -Wno-comment -fdiagnostics-show-option -Wno-long-long -pthread -fomit-frame-pointer -ffunction-sections -fdata-sections  -msse -msse2 -msse3 -fvisibility=hidden  -O3 -DNDEBUG -fPIE   -o CMakeFiles/cmTryCompileExec3890740543.dir/CheckIncludeFiles.c.o   -c /go/src/github.com/GOCODE/camera/rpi/opencv/OpenCV/build/CMakeFiles/CMakeTmp/CheckIncludeFiles.c
/go/src/github.com/GOCODE/camera/rpi/opencv/OpenCV/build/CMakeFiles/CMakeTmp/CheckIncludeFiles.c:5:5: warning: function declaration isn’t a prototype [-Wstrict-prototypes]
 int main(){return 0;}
     ^
Linking C executable cmTryCompileExec3890740543
/usr/bin/cmake -E cmake_link_script CMakeFiles/cmTryCompileExec3890740543.dir/link.txt --verbose=1
/usr/bin/cc     -fsigned-char -W -Wall -Werror=return-type -Werror=non-virtual-dtor -Werror=address -Werror=sequence-point -Wformat -Werror=format-security -Wmissing-declarations -Wmissing-prototypes -Wstrict-prototypes -Wundef -Winit-self -Wpointer-arith -Wshadow -Wuninitialized -Winit-self -Wno-narrowing -Wno-comment -fdiagnostics-show-option -Wno-long-long -pthread -fomit-frame-pointer -ffunction-sections -fdata-sections  -msse -msse2 -msse3 -fvisibility=hidden  -O3 -DNDEBUG    CMakeFiles/cmTryCompileExec3890740543.dir/CheckIncludeFiles.c.o  -o cmTryCompileExec3890740543 -rdynamic 
make[1]: Leaving directory `/go/src/github.com/GOCODE/camera/rpi/opencv/OpenCV/build/CMakeFiles/CMakeTmp'


Determining if the pthread_create exist passed with the following output:
Change Dir: /go/src/github.com/GOCODE/camera/rpi/opencv/OpenCV/build/CMakeFiles/CMakeTmp

Run Build Command:/usr/bin/make "cmTryCompileExec41998611/fast"
/usr/bin/make -f CMakeFiles/cmTryCompileExec41998611.dir/build.make CMakeFiles/cmTryCompileExec41998611.dir/build
make[1]: Entering directory `/go/src/github.com/GOCODE/camera/rpi/opencv/OpenCV/build/CMakeFiles/CMakeTmp'
/usr/bin/cmake -E cmake_progress_report /go/src/github.com/GOCODE/camera/rpi/opencv/OpenCV/build/CMakeFiles/CMakeTmp/CMakeFiles 1
Building C object CMakeFiles/cmTryCompileExec41998611.dir/CheckSymbolExists.c.o
/usr/bin/cc   -fsigned-char -W -Wall -Werror=return-type -Werror=non-virtual-dtor -Werror=address -Werror=sequence-point -Wformat -Werror=format-security -Wmissing-declarations -Wmissing-prototypes -Wstrict-prototypes -Wundef -Winit-self -Wpointer-arith -Wshadow -Wuninitialized -Winit-self -Wno-narrowing -Wno-comment -fdiagnostics-show-option -Wno-long-long -pthread -fomit-frame-pointer -ffunction-sections -fdata-sections  -msse -msse2 -msse3 -fvisibility=hidden  -O3 -DNDEBUG -fPIE   -o CMakeFiles/cmTryCompileExec41998611.dir/CheckSymbolExists.c.o   -c /go/src/github.com/GOCODE/camera/rpi/opencv/OpenCV/build/CMakeFiles/CMakeTmp/CheckSymbolExists.c
Linking C executable cmTryCompileExec41998611
/usr/bin/cmake -E cmake_link_script CMakeFiles/cmTryCompileExec41998611.dir/link.txt --verbose=1
/usr/bin/cc     -fsigned-char -W -Wall -Werror=return-type -Werror=non-virtual-dtor -Werror=address -Werror=sequence-point -Wformat -Werror=format-security -Wmissing-declarations -Wmissing-prototypes -Wstrict-prototypes -Wundef -Winit-self -Wpointer-arith -Wshadow -Wuninitialized -Winit-self -Wno-narrowing -Wno-comment -fdiagnostics-show-option -Wno-long-long -pthread -fomit-frame-pointer -ffunction-sections -fdata-sections  -msse -msse2 -msse3 -fvisibility=hidden  -O3 -DNDEBUG    CMakeFiles/cmTryCompileExec41998611.dir/CheckSymbolExists.c.o  -o cmTryCompileExec41998611 -rdynamic 
make[1]: Leaving directory `/go/src/github.com/GOCODE/camera/rpi/opencv/OpenCV/build/CMakeFiles/CMakeTmp'

File /go/src/github.com/GOCODE/camera/rpi/opencv/OpenCV/build/CMakeFiles/CMakeTmp/CheckSymbolExists.c:
/* */
#include <pthread.h>

int main(int argc, char** argv)
{
  (void)argv;
#ifndef pthread_create
  return ((int*)(&pthread_create))[argc];
#else
  (void)argc;
  return 0;
#endif
}

Determining if the function cheev_ exists passed with the following output:
Change Dir: /go/src/github.com/GOCODE/camera/rpi/opencv/OpenCV/build/CMakeFiles/CMakeTmp

Run Build Command:/usr/bin/make "cmTryCompileExec1986818461/fast"
/usr/bin/make -f CMakeFiles/cmTryCompileExec1986818461.dir/build.make CMakeFiles/cmTryCompileExec1986818461.dir/build
make[1]: Entering directory `/go/src/github.com/GOCODE/camera/rpi/opencv/OpenCV/build/CMakeFiles/CMakeTmp'
/usr/bin/cmake -E cmake_progress_report /go/src/github.com/GOCODE/camera/rpi/opencv/OpenCV/build/CMakeFiles/CMakeTmp/CMakeFiles 1
Building C object CMakeFiles/cmTryCompileExec1986818461.dir/CheckFunctionExists.c.o
/usr/bin/cc   -fsigned-char -W -Wall -Werror=return-type -Werror=non-virtual-dtor -Werror=address -Werror=sequence-point -Wformat -Werror=format-security -Wmissing-declarations -Wmissing-prototypes -Wstrict-prototypes -Wundef -Winit-self -Wpointer-arith -Wshadow -Wuninitialized -Winit-self -Wno-narrowing -Wno-comment -fdiagnostics-show-option -Wno-long-long -pthread -fomit-frame-pointer -ffunction-sections -fdata-sections  -msse -msse2 -msse3 -fvisibility=hidden -DCHECK_FUNCTION_EXISTS=cheev_ -O3 -DNDEBUG -fPIE   -o CMakeFiles/cmTryCompileExec1986818461.dir/CheckFunctionExists.c.o   -c /usr/share/cmake-2.8/Modules/CheckFunctionExists.c
/usr/share/cmake-2.8/Modules/CheckFunctionExists.c:3:1: warning: function declaration isn’t a prototype [-Wstrict-prototypes]
 char CHECK_FUNCTION_EXISTS();
 ^
Linking C executable cmTryCompileExec1986818461
/usr/bin/cmake -E cmake_link_script CMakeFiles/cmTryCompileExec1986818461.dir/link.txt --verbose=1
/usr/bin/cc     -fsigned-char -W -Wall -Werror=return-type -Werror=non-virtual-dtor -Werror=address -Werror=sequence-point -Wformat -Werror=format-security -Wmissing-declarations -Wmissing-prototypes -Wstrict-prototypes -Wundef -Winit-self -Wpointer-arith -Wshadow -Wuninitialized -Winit-self -Wno-narrowing -Wno-comment -fdiagnostics-show-option -Wno-long-long -pthread -fomit-frame-pointer -ffunction-sections -fdata-sections  -msse -msse2 -msse3 -fvisibility=hidden -DCHECK_FUNCTION_EXISTS=cheev_ -O3 -DNDEBUG    CMakeFiles/cmTryCompileExec1986818461.dir/CheckFunctionExists.c.o  -o cmTryCompileExec1986818461 -rdynamic /usr/lib/liblapack.so.3gf /usr/lib/libblas.so.3gf 
make[1]: Leaving directory `/go/src/github.com/GOCODE/camera/rpi/opencv/OpenCV/build/CMakeFiles/CMakeTmp'


Determining if the function dlerror exists in the dl passed with the following output:
Change Dir: /go/src/github.com/GOCODE/camera/rpi/opencv/OpenCV/build/CMakeFiles/CMakeTmp

Run Build Command:/usr/bin/make "cmTryCompileExec842298290/fast"
/usr/bin/make -f CMakeFiles/cmTryCompileExec842298290.dir/build.make CMakeFiles/cmTryCompileExec842298290.dir/build
make[1]: Entering directory `/go/src/github.com/GOCODE/camera/rpi/opencv/OpenCV/build/CMakeFiles/CMakeTmp'
/usr/bin/cmake -E cmake_progress_report /go/src/github.com/GOCODE/camera/rpi/opencv/OpenCV/build/CMakeFiles/CMakeTmp/CMakeFiles 1
Building C object CMakeFiles/cmTryCompileExec842298290.dir/CheckFunctionExists.c.o
/usr/bin/cc   -fsigned-char -W -Wall -Werror=return-type -Werror=non-virtual-dtor -Werror=address -Werror=sequence-point -Wformat -Werror=format-security -Wmissing-declarations -Wmissing-prototypes -Wstrict-prototypes -Wundef -Winit-self -Wpointer-arith -Wshadow -Wuninitialized -Winit-self -Wno-narrowing -Wno-comment -fdiagnostics-show-option -Wno-long-long -pthread -fomit-frame-pointer -ffunction-sections -fdata-sections  -msse -msse2 -msse3 -fvisibility=hidden -DCHECK_FUNCTION_EXISTS=dlerror -O3 -DNDEBUG -fPIE   -o CMakeFiles/cmTryCompileExec842298290.dir/CheckFunctionExists.c.o   -c /usr/share/cmake-2.8/Modules/CheckFunctionExists.c
/usr/share/cmake-2.8/Modules/CheckFunctionExists.c:3:1: warning: function declaration isn’t a prototype [-Wstrict-prototypes]
 char CHECK_FUNCTION_EXISTS();
 ^
Linking C executable cmTryCompileExec842298290
/usr/bin/cmake -E cmake_link_script CMakeFiles/cmTryCompileExec842298290.dir/link.txt --verbose=1
/usr/bin/cc     -fsigned-char -W -Wall -Werror=return-type -Werror=non-virtual-dtor -Werror=address -Werror=sequence-point -Wformat -Werror=format-security -Wmissing-declarations -Wmissing-prototypes -Wstrict-prototypes -Wundef -Winit-self -Wpointer-arith -Wshadow -Wuninitialized -Winit-self -Wno-narrowing -Wno-comment -fdiagnostics-show-option -Wno-long-long -pthread -fomit-frame-pointer -ffunction-sections -fdata-sections  -msse -msse2 -msse3 -fvisibility=hidden -DCHECK_FUNCTION_EXISTS=dlerror -O3 -DNDEBUG    CMakeFiles/cmTryCompileExec842298290.dir/CheckFunctionExists.c.o  -o cmTryCompileExec842298290 -rdynamic -ldl 
make[1]: Leaving directory `/go/src/github.com/GOCODE/camera/rpi/opencv/OpenCV/build/CMakeFiles/CMakeTmp'


